<?xml version="1.0" encoding="UTF-8"?>
<testng-results skipped="0" failed="1" ignored="0" total="3" passed="2">
  <reporter-output>
  </reporter-output>
  <suite name="Amazon Automation Script " duration-ms="30873" started-at="2019-03-13T22:31:51Z" finished-at="2019-03-13T22:32:22Z">
    <groups>
    </groups>
    <test name="amazon Home" duration-ms="30873" started-at="2019-03-13T22:31:51Z" finished-at="2019-03-13T22:32:22Z">
      <class name="title.AmazonHome">
        <test-method status="PASS" signature="setUp()[pri:0, instance:title.AmazonHome@6fb554cc]" name="setUp" is-config="true" duration-ms="9068" started-at="2019-03-13T22:31:51Z" finished-at="2019-03-13T22:32:00Z">
          <reporter-output>
          </reporter-output>
        </test-method> <!-- setUp -->
        <test-method status="PASS" signature="test()[pri:0, instance:title.AmazonHome@6fb554cc]" name="test" duration-ms="128" started-at="2019-03-13T22:32:00Z" finished-at="2019-03-13T22:32:00Z">
          <reporter-output>
          </reporter-output>
        </test-method> <!-- test -->
        <test-method status="PASS" signature="cleanUp()[pri:0, instance:title.AmazonHome@6fb554cc]" name="cleanUp" is-config="true" duration-ms="2119" started-at="2019-03-13T22:32:00Z" finished-at="2019-03-13T22:32:02Z">
          <reporter-output>
          </reporter-output>
        </test-method> <!-- cleanUp -->
      </class> <!-- title.AmazonHome -->
      <class name="search.SearchTest">
        <test-method status="PASS" signature="setUp()[pri:0, instance:search.SearchTest@614c5515]" name="setUp" is-config="true" duration-ms="7196" started-at="2019-03-13T22:32:02Z" finished-at="2019-03-13T22:32:09Z">
          <reporter-output>
          </reporter-output>
        </test-method> <!-- setUp -->
        <test-method status="PASS" signature="test()[pri:0, instance:search.SearchTest@614c5515]" name="test" duration-ms="46" started-at="2019-03-13T22:32:09Z" finished-at="2019-03-13T22:32:09Z">
          <reporter-output>
          </reporter-output>
        </test-method> <!-- test -->
        <test-method status="PASS" signature="cleanUp()[pri:0, instance:search.SearchTest@614c5515]" name="cleanUp" is-config="true" duration-ms="2115" started-at="2019-03-13T22:32:09Z" finished-at="2019-03-13T22:32:11Z">
          <reporter-output>
          </reporter-output>
        </test-method> <!-- cleanUp -->
        <test-method status="PASS" signature="setUp()[pri:0, instance:search.SearchTest@614c5515]" name="setUp" is-config="true" duration-ms="8022" started-at="2019-03-13T22:32:11Z" finished-at="2019-03-13T22:32:19Z">
          <reporter-output>
          </reporter-output>
        </test-method> <!-- setUp -->
        <test-method status="FAIL" signature="search()[pri:0, instance:search.SearchTest@614c5515]" name="search" duration-ms="1" started-at="2019-03-13T22:32:19Z" finished-at="2019-03-13T22:32:19Z">
          <exception class="java.lang.NoSuchMethodError">
            <message>
              <![CDATA[search.SearchTest.typeOnId(Ljava/lang/String;)V]]>
            </message>
            <full-stacktrace>
              <![CDATA[java.lang.NoSuchMethodError: search.SearchTest.typeOnId(Ljava/lang/String;)V
at search.SearchTest.search(SearchTest.java:14)
at sun.reflect.NativeMethodAccessorImpl.invoke0(Native Method)
at sun.reflect.NativeMethodAccessorImpl.invoke(NativeMethodAccessorImpl.java:62)
at sun.reflect.DelegatingMethodAccessorImpl.invoke(DelegatingMethodAccessorImpl.java:43)
at java.lang.reflect.Method.invoke(Method.java:498)
at org.testng.internal.MethodInvocationHelper.invokeMethod(MethodInvocationHelper.java:124)
at org.testng.internal.Invoker.invokeMethod(Invoker.java:583)
at org.testng.internal.Invoker.invokeTestMethod(Invoker.java:719)
at org.testng.internal.Invoker.invokeTestMethods(Invoker.java:989)
at org.testng.internal.TestMethodWorker.invokeTestMethods(TestMethodWorker.java:125)
at org.testng.internal.TestMethodWorker.run(TestMethodWorker.java:109)
at org.testng.TestRunner.privateRun(TestRunner.java:648)
at org.testng.TestRunner.run(TestRunner.java:505)
at org.testng.SuiteRunner.runTest(SuiteRunner.java:455)
at org.testng.SuiteRunner.runSequentially(SuiteRunner.java:450)
at org.testng.SuiteRunner.privateRun(SuiteRunner.java:415)
at org.testng.SuiteRunner.run(SuiteRunner.java:364)
at org.testng.SuiteRunnerWorker.runSuite(SuiteRunnerWorker.java:52)
at org.testng.SuiteRunnerWorker.run(SuiteRunnerWorker.java:84)
at org.testng.TestNG.runSuitesSequentially(TestNG.java:1208)
at org.testng.TestNG.runSuitesLocally(TestNG.java:1137)
at org.testng.TestNG.runSuites(TestNG.java:1049)
at org.testng.TestNG.run(TestNG.java:1017)
at org.apache.maven.surefire.testng.TestNGExecutor.run(TestNGExecutor.java:283)
at org.apache.maven.surefire.testng.TestNGXmlTestSuite.execute(TestNGXmlTestSuite.java:75)
at org.apache.maven.surefire.testng.TestNGProvider.invoke(TestNGProvider.java:120)
at org.apache.maven.surefire.booter.ForkedBooter.invokeProviderInSameClassLoader(ForkedBooter.java:384)
at org.apache.maven.surefire.booter.ForkedBooter.runSuitesInProcess(ForkedBooter.java:345)
at org.apache.maven.surefire.booter.ForkedBooter.execute(ForkedBooter.java:126)
at org.apache.maven.surefire.booter.ForkedBooter.main(ForkedBooter.java:418)
]]>
            </full-stacktrace>
          </exception> <!-- java.lang.NoSuchMethodError -->
          <reporter-output>
          </reporter-output>
        </test-method> <!-- search -->
        <test-method status="PASS" signature="cleanUp()[pri:0, instance:search.SearchTest@614c5515]" name="cleanUp" is-config="true" duration-ms="2109" started-at="2019-03-13T22:32:19Z" finished-at="2019-03-13T22:32:22Z">
          <reporter-output>
          </reporter-output>
        </test-method> <!-- cleanUp -->
      </class> <!-- search.SearchTest -->
    </test> <!-- amazon Home -->
  </suite> <!-- Amazon Automation Script  -->
</testng-results>
