-------------------------------------------------------------------------------
Test set: TestSuite
-------------------------------------------------------------------------------
Tests run: 3, Failures: 1, Errors: 0, Skipped: 0, Time elapsed: 31.536 s <<< FAILURE! - in TestSuite
search(search.SearchTest)  Time elapsed: 0.012 s  <<< FAILURE!
java.lang.NoSuchMethodError: search.SearchTest.typeOnId(Ljava/lang/String;)V
	at search.SearchTest.search(SearchTest.java:14)

